[07/05/2020 00:38:25][Jorge][INSERT INTO clientes VALUES(null,'Numero 11','2020-05-07')]
[07/05/2020 01:22:25][Jorge][Entrando en Alta Clientes]
[07/05/2020 01:30:37][Jorge][Entrando en Alta Clientes]
[07/05/2020 01:30:40][Jorge][Saliendo de Alta Clientes]
[07/05/2020 01:34:23][Jorge][Entrando en Alta Clientes]
[07/05/2020 01:36:33][Jorge][Entrando en Alta Clientes]
[07/05/2020 01:36:59][Jorge][Pulsando botón limpiar]
[07/05/2020 01:37:06][Jorge][Saliendo de Alta Clientes]
[07/05/2020 01:37:14][Jorge][Entrando en Alta Clientes]
[07/05/2020 01:37:16][Jorge][Saliendo de Alta Clientes]
[07/05/2020 21:43:05][Administrador][Saliendo del programa]
[07/05/2020 21:57:50][Administrador][Saliendo del programa]
[12/05/2020 00:58:44][Administrador][Entrando en Alta Trabajo]
[12/05/2020 00:58:55][Administrador][Saliendo del programa]
[12/05/2020 00:59:49][Administrador][Saliendo del programa]
[12/05/2020 01:01:34][Administrador][Entrando en Alta Trabajo]
[12/05/2020 01:44:08][Administrador][Saliendo del programa]
[12/05/2020 01:48:10][Administrador][Saliendo del programa]
[12/05/2020 01:48:11][Administrador][Saliendo del programa]
[12/05/2020 01:48:13][Administrador][Saliendo del programa]
[12/05/2020 01:51:19][Administrador][Saliendo del programa]
[12/05/2020 01:51:21][Administrador][Saliendo del programa]
[12/05/2020 01:52:58][Administrador][Saliendo del programa]
[12/05/2020 01:53:03][Administrador][Saliendo del programa]
[12/05/2020 02:03:59][Administrador][Saliendo del programa]
[12/05/2020 02:14:02][Administrador][Saliendo del programa]
[12/05/2020 02:14:04][Administrador][Saliendo del programa]
[12/05/2020 02:25:18][Administrador][Saliendo del programa]
[12/05/2020 02:25:19][Administrador][Saliendo del programa]
[12/05/2020 02:25:52][Administrador][Saliendo del programa]
[12/05/2020 02:31:50][Administrador][Saliendo del programa]
[12/05/2020 02:31:54][Administrador][Saliendo del programa]
[12/05/2020 02:56:56][Administrador][Saliendo del programa]
[12/05/2020 02:58:03][Administrador][Entrando en Alta Trabajo]
[12/05/2020 19:45:03][Administrador][Entrando en Alta Trabajo]
[12/05/2020 19:45:12][Administrador][Entrando en Alta Trabajo]
[12/05/2020 19:45:25][Administrador][Saliendo del programa]
[12/05/2020 19:45:42][Administrador][Entrando en Alta Trabajo]
[12/05/2020 19:47:17][Administrador][Entrando en Alta Trabajo]
[12/05/2020 19:48:22][Administrador][Limpiando datos formulario Alta Artículo]
[12/05/2020 19:48:29][Administrador][Saliendo de Alta Artículo]
[12/05/2020 19:48:31][Administrador][Saliendo del programa]
[12/05/2020 19:48:35][Administrador][Saliendo del programa]
[12/05/2020 19:49:55][Administrador][Entrando en Alta Trabajo]
[12/05/2020 20:10:53][Administrador][Entrando en Alta Trabajo]
[12/05/2020 20:11:05][Administrador][Saliendo de Alta Artículo]
[12/05/2020 20:11:07][Administrador][Saliendo del programa]
[12/05/2020 20:13:43][Administrador][Saliendo del programa]
[12/05/2020 20:14:26][Administrador][Entrando en Alta Trabajo]
[12/05/2020 20:17:50][Administrador][Entrando en Alta Trabajo]
[12/05/2020 20:19:56][Administrador][Entrando en Alta Trabajo]
[12/05/2020 20:23:11][Administrador][Entrando en Alta Trabajo]
[12/05/2020 20:29:53][Administrador][Entrando en Alta Trabajo]
[12/05/2020 20:30:23][Administrador][Saliendo de Alta Artículo]
[12/05/2020 20:30:23][Administrador][Saliendo del programa]
[12/05/2020 20:30:24][Administrador][Saliendo de Alta Artículo]
[12/05/2020 20:30:24][Administrador][Saliendo del programa]
[12/05/2020 20:30:26][Administrador][Saliendo de Alta Artículo]
[12/05/2020 20:30:26][Administrador][Saliendo del programa]
[12/05/2020 20:30:27][Administrador][Saliendo de Alta Artículo]
[12/05/2020 20:30:27][Administrador][Saliendo del programa]
[12/05/2020 20:30:28][Administrador][Saliendo de Alta Artículo]
[12/05/2020 20:30:28][Administrador][Saliendo del programa]
[12/05/2020 20:30:37][Administrador][Entrando en Alta Trabajo]
[12/05/2020 20:51:52][Administrador][Entrando en Alta Trabajo]
[12/05/2020 20:52:41][Administrador][Entrando en Alta Trabajo]
[12/05/2020 20:54:26][Administrador][Entrando en Alta Trabajo]
[12/05/2020 20:55:04][Administrador][Saliendo de Alta Artículo]
[12/05/2020 20:55:04][Administrador][Saliendo del programa]
[12/05/2020 20:55:06][Administrador][Saliendo de Alta Artículo]
[12/05/2020 20:55:06][Administrador][Saliendo del programa]
[12/05/2020 20:55:08][Administrador][Saliendo de Alta Artículo]
[12/05/2020 20:55:08][Administrador][Saliendo del programa]
[12/05/2020 20:55:12][Administrador][Saliendo de Alta Artículo]
[12/05/2020 20:55:12][Administrador][Saliendo del programa]
[12/05/2020 21:00:15][Administrador][Entrando en Alta Trabajo]
[12/05/2020 21:07:44][Administrador][Entrando en Alta Trabajo]
[12/05/2020 21:16:23][Administrador][Limpiando datos formulario Alta Artículo]
[12/05/2020 21:28:43][Administrador][Entrando en Alta Trabajo]
[12/05/2020 21:31:46][Administrador][Saliendo de Alta Artículo]
[12/05/2020 21:31:48][Administrador][Saliendo del programa]
[12/05/2020 21:31:50][Administrador][Saliendo de Alta Artículo]
[12/05/2020 21:31:50][Administrador][Saliendo del programa]
[12/05/2020 21:31:51][Administrador][Saliendo de Alta Artículo]
[12/05/2020 21:31:51][Administrador][Saliendo del programa]
[12/05/2020 21:32:21][Administrador][Entrando en Alta Trabajo]
[12/05/2020 21:33:02][Administrador][Entrando en Alta Trabajo]
[12/05/2020 21:33:57][Administrador][Entrando en Alta Trabajo]
[12/05/2020 21:40:48][Administrador][Entrando en Alta Trabajo]
[12/05/2020 21:47:20][Administrador][Entrando en Alta Trabajo]
[12/05/2020 21:51:18][Administrador][Entrando en Alta Trabajo]
[12/05/2020 21:52:19][Administrador][Entrando en Alta Trabajo]
[12/05/2020 21:52:20][Administrador][Limpiando datos formulario Alta Artículo]
[12/05/2020 21:52:27][Administrador][Saliendo de Alta Artículo]
[12/05/2020 22:08:02][Administrador][Entrando en Alta Trabajo]
[12/05/2020 22:08:15][Administrador][Saliendo de Alta Artículo]
[12/05/2020 22:08:17][Administrador][Saliendo del programa]
[12/05/2020 22:10:15][Administrador][Entrando en Alta Trabajo]
[12/05/2020 22:11:58][Administrador][Entrando en Alta Trabajo]
[12/05/2020 22:12:50][Administrador][Entrando en Alta Trabajo]
[12/05/2020 22:14:07][Administrador][Entrando en Alta Trabajo]
[12/05/2020 22:14:44][Administrador][Entrando en Alta Trabajo]
[12/05/2020 22:21:50][Administrador][Entrando en Alta Trabajo]
[12/05/2020 22:22:18][Administrador][Entrando en Alta Trabajo]
[12/05/2020 22:23:08][Administrador][Entrando en Alta Trabajo]
[12/05/2020 22:26:33][Administrador][Entrando en Alta Trabajo]
[12/05/2020 22:27:42][Administrador][Entrando en Alta Trabajo]
[12/05/2020 23:53:09][Administrador][Saliendo de Alta Artículo]
[12/05/2020 23:53:09][Administrador][Saliendo del programa]
[12/05/2020 23:53:11][Administrador][Saliendo de Alta Artículo]
[12/05/2020 23:53:11][Administrador][Saliendo del programa]
[12/05/2020 23:53:13][Administrador][Saliendo de Alta Artículo]
[12/05/2020 23:53:13][Administrador][Saliendo del programa]
[12/05/2020 23:53:15][Administrador][Saliendo de Alta Artículo]
[12/05/2020 23:53:15][Administrador][Saliendo del programa]
[12/05/2020 23:53:17][Administrador][Saliendo de Alta Artículo]
[12/05/2020 23:53:17][Administrador][Saliendo del programa]
[12/05/2020 23:53:19][Administrador][Saliendo de Alta Artículo]
[12/05/2020 23:53:19][Administrador][Saliendo del programa]
[12/05/2020 23:53:21][Administrador][Saliendo de Alta Artículo]
[12/05/2020 23:53:21][Administrador][Saliendo del programa]
[12/05/2020 23:53:26][Administrador][Saliendo de Alta Artículo]
[12/05/2020 23:53:26][Administrador][Saliendo del programa]
[12/05/2020 23:53:28][Administrador][Saliendo de Alta Artículo]
[12/05/2020 23:53:28][Administrador][Saliendo del programa]
[12/05/2020 23:53:29][Administrador][Saliendo de Alta Artículo]
[12/05/2020 23:53:29][Administrador][Saliendo del programa]
[12/05/2020 23:53:52][Administrador][Entrando en Alta Trabajo]
[12/05/2020 23:55:59][Administrador][Entrando en Alta Trabajo]
[12/05/2020 23:57:36][Administrador][Entrando en Alta Trabajo]
[13/05/2020 00:01:42][Administrador][Entrando en Alta Trabajo]
[13/05/2020 00:02:16][Administrador][Entrando en Alta Trabajo]
[13/05/2020 00:04:35][Administrador][Entrando en Alta Trabajo]
[13/05/2020 00:05:38][Administrador][Saliendo de Alta Artículo]
[13/05/2020 00:05:38][Administrador][Saliendo del programa]
[13/05/2020 00:05:40][Administrador][Saliendo de Alta Artículo]
[13/05/2020 00:05:40][Administrador][Saliendo del programa]
[13/05/2020 00:05:41][Administrador][Saliendo de Alta Artículo]
[13/05/2020 00:05:41][Administrador][Saliendo del programa]
[13/05/2020 00:05:43][Administrador][Saliendo de Alta Artículo]
[13/05/2020 00:05:43][Administrador][Saliendo del programa]
[13/05/2020 00:05:44][Administrador][Saliendo de Alta Artículo]
[13/05/2020 00:05:44][Administrador][Saliendo del programa]
[13/05/2020 00:05:45][Administrador][Saliendo de Alta Artículo]
[13/05/2020 00:05:45][Administrador][Saliendo del programa]
[13/05/2020 00:26:57][Administrador][Entrando en Alta Trabajo]
[13/05/2020 00:28:38][Administrador][Entrando en Alta Trabajo]
[13/05/2020 00:29:53][Administrador][Entrando en Alta Trabajo]
[13/05/2020 00:32:22][Administrador][Entrando en Alta Trabajo]
[13/05/2020 00:34:23][Administrador][Entrando en Alta Trabajo]
[13/05/2020 00:39:06][Administrador][Entrando en Alta Trabajo]
[13/05/2020 00:48:35][Administrador][Entrando en Alta Trabajo]
[13/05/2020 00:50:40][Administrador][Saliendo de Alta Artículo]
[13/05/2020 00:50:40][Administrador][Saliendo del programa]
[13/05/2020 00:50:42][Administrador][Saliendo de Alta Artículo]
[13/05/2020 00:50:42][Administrador][Saliendo del programa]
[13/05/2020 00:50:43][Administrador][Saliendo de Alta Artículo]
[13/05/2020 00:50:43][Administrador][Saliendo del programa]
[13/05/2020 00:50:45][Administrador][Saliendo de Alta Artículo]
[13/05/2020 00:50:45][Administrador][Saliendo del programa]
[13/05/2020 00:50:47][Administrador][Saliendo de Alta Artículo]
[13/05/2020 00:50:47][Administrador][Saliendo del programa]
[13/05/2020 00:50:48][Administrador][Saliendo de Alta Artículo]
[13/05/2020 00:50:48][Administrador][Saliendo del programa]
[13/05/2020 00:50:49][Administrador][Saliendo de Alta Artículo]
[13/05/2020 00:50:49][Administrador][Saliendo del programa]
[13/05/2020 01:11:31][Administrador][Saliendo del programa]
[13/05/2020 01:17:18][Administrador][Saliendo del programa]
[13/05/2020 08:13:52][Administrador][Saliendo del programa]
[13/05/2020 08:15:30][Administrador][Entrando en Alta Clínica]
[13/05/2020 08:15:33][Administrador][Saliendo de Alta Clínicas]
[13/05/2020 08:15:39][Administrador][Saliendo del programa]
[13/05/2020 08:20:40][Administrador][Saliendo del programa]
[13/05/2020 08:21:12][Administrador][Saliendo del programa]
[13/05/2020 08:23:03][Administrador][Entrando en Alta Trabajo]
[13/05/2020 08:23:10][Administrador][Saliendo de Alta Artículo]
[13/05/2020 08:23:13][Administrador][Saliendo del programa]
[14/05/2020 09:31:48][Administrador][Entrando en Alta Trabajo]
[14/05/2020 09:32:09][Administrador][Saliendo del programa]
[14/05/2020 09:37:03][Administrador][Entrando en Alta Trabajo]
[14/05/2020 09:44:18][Administrador][Saliendo de Alta Artículo]
[14/05/2020 09:44:18][Administrador][Saliendo del programa]
[14/05/2020 09:44:20][Administrador][Entrando en Alta Trabajo]
[14/05/2020 09:47:01][Administrador][Saliendo de Alta Artículo]
[14/05/2020 09:47:01][Administrador][Saliendo del programa]
[14/05/2020 09:47:07][Administrador][Entrando en Alta Trabajo]
[14/05/2020 09:49:22][Administrador][Saliendo de Alta Artículo]
[14/05/2020 09:49:22][Administrador][Saliendo del programa]
[14/05/2020 09:49:27][Administrador][Entrando en Alta Trabajo]
[14/05/2020 09:52:15][Administrador][Entrando en Alta Trabajo]
[14/05/2020 09:53:50][Administrador][Entrando en Alta Trabajo]
[14/05/2020 09:54:00][Administrador][Saliendo de Alta Artículo]
[14/05/2020 09:54:02][Administrador][Saliendo del programa]
[14/05/2020 09:54:05][Administrador][Saliendo del programa]
[14/05/2020 09:54:07][Administrador][Saliendo del programa]
[14/05/2020 09:54:10][Administrador][Saliendo del programa]
[14/05/2020 09:54:39][Administrador][Entrando en Alta Trabajo]
[14/05/2020 09:55:37][Administrador][Entrando en Alta Trabajo]
[14/05/2020 09:56:42][Administrador][Entrando en Alta Trabajo]
[14/05/2020 09:57:21][Administrador][Entrando en Alta Trabajo]
[14/05/2020 09:57:27][Administrador][Saliendo de Alta Artículo]
[14/05/2020 09:57:28][Administrador][Saliendo del programa]
[14/05/2020 09:58:25][Administrador][Entrando en Alta Trabajo]
[14/05/2020 09:58:38][Administrador][Saliendo de Alta Artículo]
[14/05/2020 09:58:40][Administrador][Saliendo del programa]
[14/05/2020 09:58:42][Administrador][Saliendo de Alta Artículo]
[14/05/2020 09:58:42][Administrador][Saliendo del programa]
[14/05/2020 09:58:43][Administrador][Saliendo de Alta Artículo]
[14/05/2020 09:58:43][Administrador][Saliendo del programa]
[14/05/2020 09:58:44][Administrador][Saliendo de Alta Artículo]
[14/05/2020 09:58:44][Administrador][Saliendo del programa]
[14/05/2020 09:59:01][Administrador][Entrando en Alta Trabajo]
[14/05/2020 10:02:36][Administrador][Entrando en Alta Trabajo]
[14/05/2020 10:04:20][Administrador][Entrando en Alta Trabajo]
[14/05/2020 10:04:53][Administrador][Limpiando datos formulario Alta Artículo]
[14/05/2020 10:05:56][Administrador][Saliendo de Alta Artículo]
[14/05/2020 10:05:56][Administrador][Saliendo del programa]
[14/05/2020 10:05:58][Administrador][Saliendo de Alta Artículo]
[14/05/2020 10:05:58][Administrador][Saliendo del programa]
[14/05/2020 10:06:00][Administrador][Saliendo de Alta Artículo]
[14/05/2020 10:06:00][Administrador][Saliendo del programa]
[14/05/2020 10:06:27][Administrador][Entrando en Alta Trabajo]
[14/05/2020 10:06:31][Administrador][Limpiando datos formulario Alta Artículo]
[14/05/2020 10:06:38][Administrador][Limpiando datos formulario Alta Artículo]
[14/05/2020 10:34:16][Administrador][Entrando en Alta Trabajo]
[14/05/2020 10:34:21][Administrador][Saliendo de Alta Artículo]
[14/05/2020 10:34:24][Administrador][Saliendo del programa]
[14/05/2020 10:34:30][Administrador][Saliendo del programa]
[14/05/2020 10:36:18][Administrador][Entrando en Alta Trabajo]
[14/05/2020 10:36:23][Administrador][Saliendo de Alta Artículo]
[14/05/2020 10:36:26][Administrador][Saliendo del programa]
[14/05/2020 10:38:40][Administrador][Entrando en Alta Trabajo]
[14/05/2020 10:38:45][Administrador][Saliendo de Alta Artículo]
[14/05/2020 10:38:48][Administrador][Entrando en Alta Trabajo]
[14/05/2020 10:38:55][Administrador][Saliendo de Alta Artículo]
[14/05/2020 10:38:58][Administrador][Saliendo del programa]
[14/05/2020 10:40:06][][Saliendo del programa]
[14/05/2020 10:40:16][][Saliendo del programa]
[14/05/2020 10:43:33][][Saliendo del programa]
[14/05/2020 10:44:32][Administrador][Entrando en Alta Trabajo]
[14/05/2020 10:44:51][Administrador][INSERT INTO trabajos VALUES(null,'Hola','[Ljava.lang.String;@5c26b445')]
[14/05/2020 10:48:19][Administrador][Entrando en Alta Trabajo]
[14/05/2020 10:48:34][Administrador][INSERT INTO trabajos VALUES(null,'Hola','2')]
[14/05/2020 10:59:56][Administrador][Entrando en Alta Trabajo]
[14/05/2020 11:00:13][Administrador][INSERT INTO trabajos VALUES(null,'Hola3','2')]
[14/05/2020 11:00:18][Administrador][Alta de Trabajo realizada]
[14/05/2020 11:00:21][Administrador][Limpiando datos formulario Alta Artículo]
[14/05/2020 11:00:23][Administrador][Saliendo de Alta Artículo]
[14/05/2020 11:02:35][Administrador][Saliendo del programa]
[14/05/2020 11:02:37][Administrador][Error en Alta de Trabajo]
[14/05/2020 11:02:38][Administrador][Saliendo de Alta Artículo]
[14/05/2020 11:02:39][Administrador][Saliendo del programa]
[14/05/2020 11:02:41][Administrador][Error en Alta de Trabajo]
[14/05/2020 11:02:42][Administrador][Saliendo de Alta Artículo]
[14/05/2020 11:02:43][Administrador][Saliendo del programa]
[14/05/2020 19:33:01][Administrador][Saliendo del programa]
[14/05/2020 19:34:17][Administrador][Entrando en Alta Trabajo]
[14/05/2020 19:57:59][Administrador][Saliendo de Alta Artículo]
[14/05/2020 19:57:59][Administrador][Saliendo del programa]
[14/05/2020 20:47:27][Administrador][Entrando en Alta Trabajo]
[14/05/2020 20:47:29][Administrador][Saliendo de Alta Artículo]
[14/05/2020 21:00:19][Administrador][Saliendo del programa]
[14/05/2020 21:00:22][Administrador][Saliendo del programa]
[14/05/2020 21:00:23][Administrador][Saliendo del programa]
[14/05/2020 21:32:59][Administrador][Saliendo del programa]
[14/05/2020 21:33:00][Administrador][Saliendo del programa]
[14/05/2020 21:33:02][Administrador][Saliendo del programa]
[14/05/2020 21:33:50][Administrador][Saliendo del programa]
[14/05/2020 21:42:01][Administrador][Entrando en Alta Trabajo]
[14/05/2020 21:42:15][Administrador][Saliendo de Alta Artículo]
[14/05/2020 21:42:43][Administrador][Saliendo del programa]
[15/05/2020 01:51:00][Administrador][Saliendo del programa]
[15/05/2020 01:51:02][Administrador][Saliendo del programa]
[15/05/2020 01:51:04][Administrador][Saliendo del programa]
[15/05/2020 01:51:06][Administrador][Saliendo del programa]
[15/05/2020 08:22:11][Administrador][Saliendo del programa]
[15/05/2020 08:24:24][Administrador][Entrando en Alta Trabajo]
[15/05/2020 08:24:52][Administrador][INSERT INTO trabajos VALUES(null,'Ejemplo','7')]
[15/05/2020 08:24:55][Administrador][Alta de Trabajo realizada]
[15/05/2020 08:24:59][Administrador][Saliendo de Alta Artículo]
[15/05/2020 08:27:33][Administrador][Saliendo del programa]
[15/05/2020 08:27:35][Administrador][Saliendo del programa]
[15/05/2020 08:35:10][Administrador][Saliendo del programa]
[15/05/2020 09:34:10][Administrador][Saliendo del programa]
[15/05/2020 09:34:11][Administrador][Saliendo del programa]
[15/05/2020 09:34:12][Administrador][Saliendo del programa]
[15/05/2020 09:34:14][Administrador][Saliendo del programa]
[15/05/2020 09:34:15][Administrador][Saliendo del programa]
[15/05/2020 09:34:17][Administrador][Saliendo del programa]
[15/05/2020 09:41:30][Administrador][Saliendo del programa]
[15/05/2020 09:41:32][Administrador][Saliendo del programa]
[15/05/2020 09:41:34][Administrador][Saliendo del programa]
[15/05/2020 09:41:35][Administrador][Saliendo del programa]
[15/05/2020 09:41:37][Administrador][Saliendo del programa]
[15/05/2020 23:20:29][Administrador][Saliendo del programa]
[15/05/2020 23:22:20][Administrador][Saliendo del programa]
[15/05/2020 23:22:21][Administrador][Saliendo del programa]
[15/05/2020 23:25:52][Administrador][Saliendo del programa]
[15/05/2020 23:25:55][Administrador][Saliendo del programa]
[15/05/2020 23:26:27][Administrador][Saliendo del programa]
[15/05/2020 23:28:01][Administrador][Saliendo del programa]
[15/05/2020 23:29:22][Administrador][Entrando en Alta Trabajo]
[15/05/2020 23:29:24][Administrador][Saliendo de Alta Artículo]
[15/05/2020 23:30:56][Administrador][Saliendo del programa]
[16/05/2020 00:54:57][Administrador][Entrando en Alta Trabajo]
[16/05/2020 00:54:59][Administrador][Saliendo de Alta Artículo]
[16/05/2020 01:08:17][Administrador][Saliendo del programa]
[16/05/2020 01:08:24][Administrador][Saliendo del programa]
[16/05/2020 01:09:37][Administrador][Saliendo del programa]
[16/05/2020 01:27:31][Administrador][Saliendo del programa]
[16/05/2020 01:29:51][Administrador][Saliendo del programa]
[16/05/2020 01:29:53][Administrador][Saliendo del programa]
[16/05/2020 01:29:54][Administrador][Saliendo del programa]
[16/05/2020 01:29:55][Administrador][Saliendo del programa]
[16/05/2020 01:30:21][Administrador][Entrando en Alta Artículo]
[16/05/2020 01:30:22][Administrador][Saliendo de Alta Artículo]
[16/05/2020 01:30:42][Administrador][Entrando en Alta Clínica]
[16/05/2020 01:30:43][Administrador][Saliendo de Alta Clínicas]
[16/05/2020 01:31:16][Administrador][Saliendo del programa]
[16/05/2020 02:29:54][Administrador][Saliendo del programa]
[16/05/2020 03:03:52][Administrador][UPDATE clinicas SET nifClinica = '3', nombreClinica = 'Clinica3', direccionClinica = '3', telefonoClinica = '3', direccionClinica = '3' WHERE idClinica = 3]
[16/05/2020 03:05:16][Administrador][Saliendo del programa]
[16/05/2020 03:06:24][Administrador][Saliendo del programa]
[16/05/2020 03:06:26][Administrador][Saliendo del programa]
[16/05/2020 03:06:46][Administrador][Entrando en Alta Trabajo]
[16/05/2020 03:09:07][Administrador][Saliendo de Alta Artículo]
[16/05/2020 03:09:09][Administrador][Saliendo del programa]
[16/05/2020 03:19:02][Administrador][Entrando en Alta Trabajo]
[16/05/2020 03:19:18][Administrador][Saliendo de Alta Artículo]
[16/05/2020 03:19:19][Administrador][Saliendo del programa]
[16/05/2020 03:20:00][Administrador][Entrando en Alta Trabajo]
[16/05/2020 03:20:21][Administrador][INSERT INTO trabajos VALUES(null,'Cambio','1')]
[16/05/2020 03:20:25][Administrador][Alta de Trabajo realizada]
[16/05/2020 03:20:26][Administrador][Saliendo de Alta Artículo]
[16/05/2020 03:27:00][Administrador][Saliendo del programa]
[16/05/2020 03:27:16][Administrador][Entrando en Alta Trabajo]
[16/05/2020 03:27:56][Administrador][INSERT INTO trabajos VALUES(null,'test cambio','1')]
[16/05/2020 03:27:57][Administrador][Alta de Trabajo realizada]
[16/05/2020 03:27:58][Administrador][Saliendo de Alta Artículo]
[16/05/2020 03:29:05][Administrador][Saliendo del programa]
[16/05/2020 03:33:35][Administrador][Saliendo del programa]
[16/05/2020 13:26:30][Administrador][Saliendo del programa]
[17/05/2020 17:42:50][Administrador][Saliendo del programa]
[17/05/2020 17:42:51][Administrador][Saliendo del programa]
[17/05/2020 17:42:54][Administrador][Saliendo del programa]
[17/05/2020 17:45:06][Administrador][Saliendo del programa]
[17/05/2020 17:49:41][Administrador][Saliendo del programa]
[18/05/2020 08:07:04][Administrador][Saliendo del programa]
[18/05/2020 08:14:07][Administrador][Saliendo del programa]
[18/05/2020 08:34:54][Administrador][Saliendo del programa]
[20/05/2020 10:15:08][Administrador][Saliendo del programa]
[21/05/2020 12:06:48][Admin][Saliendo del programa]
[21/05/2020 12:28:48][Admin][Saliendo del programa]
[21/05/2020 12:28:50][Admin][Saliendo del programa]
[21/05/2020 12:28:52][Admin][Saliendo del programa]
[21/05/2020 12:28:53][Admin][Saliendo del programa]
